2025-03-26 11:49:43,468 - INFO - 从目录中找到 1908 个植物名
2025-03-26 11:49:43,469 - INFO - 找到 1908 个待处理植物，分为 20 个批次
2025-03-26 11:49:43,605 - INFO - 数据表已准备就绪，字段长度已调整
2025-03-26 11:49:43,605 - INFO - 开始处理第 1/20 批次，共 100 个植物
2025-03-26 11:49:43,606 - INFO - 使用新的User-Agent: Mozilla/5.0 (Windows NT 10.0; Win64; x64; rv:121.0...
2025-03-26 11:49:43,606 - INFO - ====== WebDriver manager ======
2025-03-26 11:49:47,129 - INFO - Get LATEST chromedriver version for google-chrome
2025-03-26 11:49:47,933 - INFO - Get LATEST chromedriver version for google-chrome
2025-03-26 11:49:48,651 - INFO - Driver [C:\Users\86153\.wdm\drivers\chromedriver\win64\134.0.6998.165\chromedriver-win32/chromedriver.exe] found in cache
2025-03-26 11:49:57,224 - INFO - 添加新植物 Abeliophyllum distichum 到数据库
2025-03-26 11:50:05,859 - INFO - 添加新植物 Abies alba 到数据库
2025-03-26 11:50:10,569 - INFO - 添加新植物 Abies cephalonica 到数据库
2025-03-26 11:50:13,984 - INFO - 添加新植物 Acacia angustissima 到数据库
2025-03-26 11:50:20,450 - INFO - 添加新植物 Acacia auriculiformis 到数据库
2025-03-26 11:50:25,870 - INFO - 添加新植物 Acacia baileyana 到数据库
2025-03-26 11:50:28,644 - INFO - 添加新植物 Acacia berlandieri 到数据库
2025-03-26 11:50:33,754 - INFO - 添加新植物 Acacia brevispica 到数据库
2025-03-26 11:50:38,336 - INFO - 添加新植物 Acacia caven 到数据库
2025-03-26 11:50:43,677 - INFO - 添加新植物 Acacia cognata 到数据库
2025-03-26 11:50:48,262 - INFO - 添加新植物 Acacia confluens 到数据库
2025-03-26 11:50:53,752 - INFO - 添加新植物 Acacia confusa 到数据库
2025-03-26 11:51:00,416 - INFO - 添加新植物 Acacia dealbata 到数据库
2025-03-26 11:51:03,275 - INFO - 添加新植物 Acacia drepanolobium 到数据库
2025-03-26 11:51:07,815 - INFO - 添加新植物 Acacia etbaica 到数据库
2025-03-26 11:51:12,756 - INFO - 添加新植物 Acacia farnesiana 到数据库
2025-03-26 11:51:16,907 - INFO - 添加新植物 Acacia heterophylla 到数据库
2025-03-26 11:51:21,265 - INFO - 添加新植物 Acacia hockii 到数据库
2025-03-26 11:51:25,907 - INFO - 添加新植物 Acacia koaia 到数据库
2025-03-26 11:51:31,863 - INFO - 添加新植物 Acacia longifolia 到数据库
2025-03-26 11:51:39,476 - INFO - 添加新植物 Acacia mangium 到数据库
2025-03-26 11:51:44,661 - INFO - 添加新植物 Acacia mearnsii 到数据库
2025-03-26 11:51:50,994 - INFO - 添加新植物 Acacia melanoxylon 到数据库
2025-03-26 11:51:53,794 - INFO - 添加新植物 Acacia mellifera 到数据库
2025-03-26 11:52:00,468 - INFO - 添加新植物 Acacia nilotica 到数据库
2025-03-26 11:52:06,858 - INFO - 添加新植物 Acacia podalyriifolia 到数据库
2025-03-26 11:52:11,799 - INFO - 添加新植物 Acacia pravissima 到数据库
2025-03-26 11:52:16,501 - INFO - 添加新植物 Acacia pycnantha 到数据库
2025-03-26 11:52:20,332 - INFO - 添加新植物 Acacia redolens 到数据库
2025-03-26 11:52:27,403 - INFO - 添加新植物 Acacia retinodes 到数据库
2025-03-26 11:52:32,368 - INFO - 添加新植物 Acacia rigidula 到数据库
2025-03-26 11:52:37,639 - INFO - 添加新植物 Acacia saligna 到数据库
2025-03-26 11:52:42,626 - INFO - 添加新植物 Acacia senegalensis 到数据库
2025-03-26 11:52:47,701 - INFO - 添加新植物 Acacia seyal 到数据库
2025-03-26 11:52:52,949 - INFO - 添加新植物 Acacia simplex 到数据库
2025-03-26 11:52:57,196 - INFO - 添加新植物 Acacia spirorbis 到数据库
2025-03-26 11:53:01,597 - INFO - 添加新植物 Acacia tortilis 到数据库
2025-03-26 11:53:06,146 - INFO - 添加新植物 Acacia tortuosa 到数据库
2025-03-26 11:53:09,644 - INFO - 添加新植物 Acacia xanthophloea 到数据库
2025-03-26 11:53:14,136 - INFO - 添加新植物 Acalypha aristata 到数据库
2025-03-26 11:53:19,462 - INFO - 添加新植物 Acalypha crenata 到数据库
2025-03-26 11:53:24,651 - INFO - 添加新植物 Acalypha hispida 到数据库
2025-03-26 11:53:30,340 - INFO - 添加新植物 Acalypha indica 到数据库
2025-03-26 11:53:36,702 - INFO - 添加新植物 Acalypha integrifolia 到数据库
2025-03-26 11:53:42,162 - INFO - 添加新植物 Acalypha macrostachya 到数据库
2025-03-26 11:53:45,949 - INFO - 添加新植物 Acalypha virginica 到数据库
2025-03-26 11:53:51,031 - INFO - 添加新植物 Acalypha wilkesiana 到数据库
2025-03-26 11:53:57,160 - INFO - 添加新植物 Acanthus mollis 到数据库
2025-03-26 11:54:02,747 - INFO - 添加新植物 Acer campestre 到数据库
2025-03-26 11:54:09,586 - INFO - 添加新植物 Acer monspessulanum 到数据库
2025-03-26 11:54:14,340 - INFO - 添加新植物 Acer negundo 到数据库
2025-03-26 11:54:20,187 - INFO - 添加新植物 Acer opalus 到数据库
2025-03-26 11:54:24,597 - INFO - 添加新植物 Acer palmatum 到数据库
2025-03-26 11:54:29,852 - INFO - 添加新植物 Acer platanoides 到数据库
2025-03-26 11:54:36,716 - INFO - 添加新植物 Acer pseudoplatanus 到数据库
2025-03-26 11:54:42,795 - INFO - 添加新植物 Acer saccharinum 到数据库
2025-03-26 11:54:47,211 - INFO - 添加新植物 Achillea filipendulina 到数据库
2025-03-26 11:54:52,391 - INFO - 添加新植物 Achillea millefolium 到数据库
2025-03-26 11:54:58,452 - INFO - 添加新植物 Achillea ptarmica 到数据库
2025-03-26 11:55:03,882 - INFO - 添加新植物 Achyranthes aspera 到数据库
2025-03-26 11:55:10,411 - INFO - 添加新植物 Aciotis rubricaulis 到数据库
2025-03-26 11:55:16,284 - INFO - 添加新植物 Aconitum lycoctonum 到数据库
2025-03-26 11:55:23,333 - INFO - 添加新植物 Aconitum napellus 到数据库
2025-03-26 11:55:28,137 - INFO - 添加新植物 Adenostyles alliariae 到数据库
2025-03-26 11:55:34,925 - INFO - 添加新植物 Adenostyles alpina 到数据库
2025-03-26 11:55:40,916 - INFO - 添加新植物 Adenostyles leucophylla 到数据库
2025-03-26 11:55:46,515 - INFO - 添加新植物 Adlumia fungosa 到数据库
2025-03-26 11:55:51,305 - INFO - 添加新植物 Adonis aestivalis 到数据库
2025-03-26 11:55:56,864 - INFO - 添加新植物 Adonis annua 到数据库
2025-03-26 11:56:03,480 - INFO - 添加新植物 Adonis flammea 到数据库
2025-03-26 11:56:09,483 - INFO - 添加新植物 Adonis microcarpa 到数据库
2025-03-26 11:56:15,902 - INFO - 添加新植物 Adonis pyrenaica 到数据库
2025-03-26 11:56:21,187 - INFO - 添加新植物 Adonis vernalis 到数据库
2025-03-26 11:56:26,145 - INFO - 添加新植物 Aegopodium podagraria 到数据库
2025-03-26 11:56:30,871 - INFO - 添加新植物 Aeschynomene americana 到数据库
2025-03-26 11:56:35,166 - INFO - 添加新植物 Aesculus hippocastanum 到数据库
2025-03-26 11:56:39,784 - INFO - 添加新植物 Aethionema saxatile 到数据库
2025-03-26 11:56:45,588 - INFO - 添加新植物 Aextoxicon punctatum 到数据库
2025-03-26 11:56:51,811 - INFO - 添加新植物 Agave americana 到数据库
2025-03-26 11:56:58,861 - INFO - 添加新植物 Agave sisalana 到数据库
2025-03-26 11:57:02,940 - INFO - 添加新植物 Agrimonia eupatoria 到数据库
2025-03-26 11:57:07,943 - INFO - 添加新植物 Agrostemma githago 到数据库
2025-03-26 11:57:13,491 - INFO - 添加新植物 Ailanthus altissima 到数据库
2025-03-26 11:57:17,321 - INFO - 添加新植物 Aizoanthemum hispanicum 到数据库
2025-03-26 11:57:23,890 - INFO - 添加新植物 Aizoon canariense 到数据库
2025-03-26 11:57:31,162 - INFO - 添加新植物 Ajuga chamaepitys 到数据库
2025-03-26 11:57:35,479 - INFO - 添加新植物 Ajuga genevensis 到数据库
2025-03-26 11:57:40,848 - INFO - 添加新植物 Ajuga iva 到数据库
2025-03-26 11:57:46,286 - INFO - 添加新植物 Ajuga reptans 到数据库
2025-03-26 11:57:51,409 - INFO - 添加新植物 Albizia julibrissin 到数据库
2025-03-26 11:57:57,534 - INFO - 添加新植物 Alcea biennis 到数据库
2025-03-26 11:58:03,668 - INFO - 添加新植物 Alcea rosea 到数据库
2025-03-26 11:58:10,173 - INFO - 添加新植物 Alcea setosa 到数据库
2025-03-26 11:58:16,253 - INFO - 添加新植物 Alibertia edulis 到数据库
2025-03-26 11:58:21,097 - INFO - 添加新植物 Alliaria petiolata 到数据库
2025-03-26 11:58:27,956 - INFO - 添加新植物 Allium narcissiflorum 到数据库
2025-03-26 11:58:32,673 - INFO - 添加新植物 Allium nigrum 到数据库
2025-03-26 11:58:38,043 - INFO - 添加新植物 Allium polyanthum 到数据库
2025-03-26 11:58:44,790 - INFO - 添加新植物 Allium schoenoprasum 到数据库
2025-03-26 11:58:50,875 - INFO - 添加新植物 Allium sphaerocephalon 到数据库
2025-03-26 11:58:53,013 - INFO - 批次完成，等待 0.6 分钟后开始下一批次...
2025-03-26 11:59:28,108 - INFO - 开始处理第 2/20 批次，共 100 个植物
2025-03-26 11:59:28,108 - INFO - 使用新的User-Agent: Mozilla/5.0 (Macintosh; Intel Mac OS X 10_15_7) Ap...
2025-03-26 11:59:28,109 - INFO - ====== WebDriver manager ======
2025-03-26 11:59:30,274 - INFO - Get LATEST chromedriver version for google-chrome
2025-03-26 11:59:30,957 - INFO - Get LATEST chromedriver version for google-chrome
2025-03-26 11:59:31,974 - INFO - Driver [C:\Users\86153\.wdm\drivers\chromedriver\win64\134.0.6998.165\chromedriver-win32/chromedriver.exe] found in cache
2025-03-26 11:59:45,498 - INFO - 添加新植物 Allium triquetrum 到数据库
2025-03-26 11:59:55,035 - INFO - 添加新植物 Allium ursinum 到数据库
2025-03-26 12:00:01,909 - INFO - 添加新植物 Alnus alnobetula 到数据库
2025-03-26 12:00:07,801 - INFO - 添加新植物 Alnus cordata 到数据库
2025-03-26 12:00:15,306 - INFO - 添加新植物 Alnus glutinosa 到数据库
2025-03-26 12:00:22,467 - INFO - 添加新植物 Alocasia baginda 到数据库
2025-03-26 12:00:31,022 - INFO - 添加新植物 Alocasia cucullata 到数据库
2025-03-26 12:00:36,866 - INFO - 添加新植物 Alocasia cuprea 到数据库
2025-03-26 12:00:43,876 - INFO - 添加新植物 Alocasia lauterbachiana 到数据库
2025-03-26 12:00:49,884 - INFO - 添加新植物 Alocasia longiloba 到数据库
2025-03-26 12:00:55,266 - INFO - 添加新植物 Alocasia macrorrhizos 到数据库
2025-03-26 12:01:01,462 - INFO - 添加新植物 Alocasia micholitziana 到数据库
2025-03-26 12:01:07,894 - INFO - 添加新植物 Alocasia odora 到数据库
2025-03-26 12:01:20,719 - INFO - 添加新植物 Alocasia reginula 到数据库
2025-03-26 12:01:31,193 - INFO - 添加新植物 Alocasia sanderiana 到数据库
2025-03-26 12:01:39,785 - INFO - 添加新植物 Alocasia wentii 到数据库
2025-03-26 12:01:47,235 - INFO - 添加新植物 Alocasia zebrina 到数据库
2025-03-26 12:01:54,699 - INFO - 添加新植物 Althaea cannabina 到数据库
2025-03-26 12:02:03,981 - INFO - 添加新植物 Althaea officinalis 到数据库
2025-03-26 12:02:08,760 - INFO - 添加新植物 Amaranthus deflexus 到数据库
2025-03-26 12:02:15,679 - INFO - 添加新植物 Ambrosia artemisiifolia 到数据库
2025-03-26 12:02:21,837 - INFO - 添加新植物 Amelanchier ovalis 到数据库
2025-03-26 12:02:28,644 - INFO - 添加新植物 Ammophila arenaria 到数据库
2025-03-26 12:02:34,739 - INFO - 添加新植物 Amorpha fruticosa 到数据库
2025-03-26 12:02:40,193 - INFO - 添加新植物 Anacamptis champagneuxii 到数据库
2025-03-26 12:02:45,683 - INFO - 添加新植物 Anacamptis laxiflora 到数据库
2025-03-26 12:02:54,398 - INFO - 添加新植物 Anacamptis morio 到数据库
2025-03-26 12:03:03,200 - INFO - 添加新植物 Anacamptis pyramidalis 到数据库
2025-03-26 12:03:09,870 - INFO - 添加新植物 Anacyclus clavatus 到数据库
2025-03-26 12:03:14,646 - INFO - 添加新植物 Anarrhinum bellidifolium 到数据库
2025-03-26 12:03:20,697 - INFO - 添加新植物 Anchusa italica 到数据库
2025-03-26 12:03:26,182 - INFO - 添加新植物 Androsace villosa 到数据库
2025-03-26 12:03:31,217 - INFO - 添加新植物 Andryala integrifolia 到数据库
2025-03-26 12:03:37,117 - INFO - 添加新植物 Anemone alpina 到数据库
2025-03-26 12:03:43,897 - INFO - 添加新植物 Anemone apennina 到数据库
2025-03-26 12:03:49,847 - INFO - 添加新植物 Anemone baldensis 到数据库
2025-03-26 12:03:57,331 - INFO - 添加新植物 Anemone blanda 到数据库
2025-03-26 12:04:04,618 - INFO - 添加新植物 Anemone canadensis 到数据库
2025-03-26 12:04:11,621 - INFO - 添加新植物 Anemone coronaria 到数据库
2025-03-26 12:04:16,620 - INFO - 添加新植物 Anemone halleri 到数据库
2025-03-26 12:04:20,810 - INFO - 添加新植物 Anemone hepatica 到数据库
2025-03-26 12:04:26,875 - INFO - 添加新植物 Anemone hortensis 到数据库
2025-03-26 12:04:33,370 - INFO - 添加新植物 Anemone hupehensis 到数据库
2025-03-26 12:04:38,712 - INFO - 添加新植物 Anemone montana 到数据库
2025-03-26 12:04:45,410 - INFO - 添加新植物 Anemone multifida 到数据库
2025-03-26 12:04:51,780 - INFO - 添加新植物 Anemone narcissiflora 到数据库
2025-03-26 12:04:56,870 - INFO - 添加新植物 Anemone nemorosa 到数据库
2025-03-26 12:05:03,857 - INFO - 添加新植物 Anemone palmata 到数据库
2025-03-26 12:05:08,293 - INFO - 添加新植物 Anemone patens 到数据库
2025-03-26 12:05:17,813 - INFO - 添加新植物 Anemone pavoniana 到数据库
2025-03-26 12:05:25,995 - INFO - 添加新植物 Anemone pratensis 到数据库
2025-03-26 12:05:33,021 - INFO - 添加新植物 Anemone pulsatilla 到数据库
2025-03-26 12:05:38,743 - INFO - 添加新植物 Anemone ranunculoides 到数据库
2025-03-26 12:05:44,609 - INFO - 添加新植物 Anemone rubra 到数据库
2025-03-26 12:05:54,128 - INFO - 添加新植物 Anemone sylvestris 到数据库
2025-03-26 12:05:59,501 - INFO - 添加新植物 Anemone tomentosa 到数据库
2025-03-26 12:06:04,134 - INFO - 添加新植物 Anemone trifolia 到数据库
2025-03-26 12:06:11,996 - INFO - 添加新植物 Anemone vernalis 到数据库
2025-03-26 12:06:18,990 - INFO - 添加新植物 Anemone virginiana 到数据库
2025-03-26 12:06:24,552 - INFO - 添加新植物 Anemone vitifolia 到数据库
2025-03-26 12:06:27,897 - INFO - 添加新植物 Anemone x hybrida 到数据库
2025-03-26 12:06:34,432 - INFO - 添加新植物 Angelica archangelica 到数据库
2025-03-26 12:06:39,453 - INFO - 添加新植物 Angelica atropurpurea 到数据库
2025-03-26 12:06:45,708 - INFO - 添加新植物 Angelica heterocarpa 到数据库
2025-03-26 12:06:49,929 - INFO - 添加新植物 Angelica lucida 到数据库
2025-03-26 12:06:53,784 - INFO - 添加新植物 Angelica razulii 到数据库
2025-03-26 12:07:00,504 - INFO - 添加新植物 Angelica sylvestris 到数据库
2025-03-26 12:07:05,163 - INFO - 添加新植物 Angostura granulosa 到数据库
2025-03-26 12:07:10,984 - INFO - 添加新植物 Anisocampium niponicum 到数据库
2025-03-26 12:07:16,191 - INFO - 添加新植物 Ansellia africana 到数据库
2025-03-26 12:07:22,760 - INFO - 添加新植物 Antennaria dioica 到数据库
2025-03-26 12:07:29,732 - INFO - 添加新植物 Anthemis maritima 到数据库
2025-03-26 12:07:34,940 - INFO - 添加新植物 Anthericum liliago 到数据库
2025-03-26 12:07:41,233 - INFO - 添加新植物 Anthericum ramosum 到数据库
2025-03-26 12:07:47,241 - INFO - 添加新植物 Anthoxanthum odoratum 到数据库
2025-03-26 12:07:53,289 - INFO - 添加新植物 Anthriscus sylvestris 到数据库
2025-03-26 12:07:59,117 - INFO - 添加新植物 Anthurium andraeanum 到数据库
2025-03-26 12:08:06,521 - INFO - 添加新植物 Anthurium clarinervium 到数据库
2025-03-26 12:08:13,228 - INFO - 添加新植物 Anthurium crystallinum 到数据库
2025-03-26 12:08:17,098 - INFO - 添加新植物 Anthurium faustomirandae 到数据库
2025-03-26 12:08:23,256 - INFO - 添加新植物 Anthurium hookeri 到数据库
2025-03-26 12:08:29,438 - INFO - 添加新植物 Anthurium jenmanii 到数据库
2025-03-26 12:08:34,625 - INFO - 添加新植物 Anthurium salvinii 到数据库
2025-03-26 12:08:39,555 - INFO - 添加新植物 Anthurium scandens 到数据库
2025-03-26 12:08:45,813 - INFO - 添加新植物 Anthurium scherzerianum 到数据库
2025-03-26 12:08:51,773 - INFO - 添加新植物 Anthurium schlechtendalii 到数据库
2025-03-26 12:08:58,959 - INFO - 添加新植物 Anthurium veitchii 到数据库
2025-03-26 12:09:06,246 - INFO - 添加新植物 Anthurium warocqueanum 到数据库
2025-03-26 12:09:10,482 - INFO - 添加新植物 Anthyllis hermanniae 到数据库
2025-03-26 12:09:17,468 - INFO - 添加新植物 Anthyllis montana 到数据库
2025-03-26 12:09:23,279 - INFO - 添加新植物 Anthyllis vulneraria 到数据库
2025-03-26 12:09:30,206 - INFO - 添加新植物 Antirhea borbonica 到数据库
2025-03-26 12:09:37,344 - INFO - 添加新植物 Antirrhinum majus 到数据库
2025-03-26 12:09:47,488 - INFO - 添加新植物 Aphelandra aurantiaca 到数据库
2025-03-26 12:09:52,802 - INFO - 添加新植物 Aphelandra scabra 到数据库
2025-03-26 12:09:59,364 - INFO - 添加新植物 Aphelandra sinclairiana 到数据库
2025-03-26 12:10:05,704 - INFO - 添加新植物 Aphelandra squarrosa 到数据库
2025-03-26 12:10:10,735 - INFO - 添加新植物 Aphyllanthes monspeliensis 到数据库
2025-03-26 12:10:17,894 - INFO - 添加新植物 Aquilegia vulgaris 到数据库
2025-03-26 12:10:22,274 - INFO - 添加新植物 Arabidopsis thaliana 到数据库
2025-03-26 12:10:24,480 - INFO - 批次完成，等待 1.0 分钟后开始下一批次...
